android/app/build/intermediates/manifest_merge_blame_file/debug/manifest-merger-blame-debug-report.txt
1<?xml version="1.0" encoding="utf-8"?>
2<manifest xmlns:android="http://schemas.android.com/apk/res/android"
3    package="com.statussaver.zs"
4    android:versionCode="1"
5    android:versionName="1.0" >
6
7    <uses-sdk
8        android:minSdkVersion="21"
9        android:targetSdkVersion="33" />
10
11    <uses-permission android:name="android.permission.SYSTEM_ALERT_WINDOW" />
11-->src\debug\AndroidManifest.xml:5:5-77
11-->src\debug\AndroidManifest.xml:5:22-75
12    <uses-permission android:name="android.permission.INTERNET" />
12-->src\main\AndroidManifest.xml:3:5-67
12-->src\main\AndroidManifest.xml:3:22-64
13    <uses-permission android:name="android.permission.ACCESS_WIFI_STATE" />
13-->[com.facebook.flipper:flipper:0.182.0] AndroidManifest.xml:16:5-76
13-->[com.facebook.flipper:flipper:0.182.0] AndroidManifest.xml:16:22-73
14    <uses-permission android:name="android.permission.WAKE_LOCK" />
14-->[:react-native-firebase_messaging] AndroidManifest.xml:8:5-68
14-->[:react-native-firebase_messaging] AndroidManifest.xml:8:22-65
15    <uses-permission android:name="android.permission.ACCESS_NETWORK_STATE" />
15-->[:react-native-firebase_messaging] AndroidManifest.xml:9:5-79
15-->[:react-native-firebase_messaging] AndroidManifest.xml:9:22-76
16    <uses-permission android:name="android.permission.POST_NOTIFICATIONS" /> <!-- Required by older versions of Google Play services to create IID tokens -->
16-->[com.google.firebase:firebase-messaging:23.2.0] AndroidManifest.xml:25:5-77
16-->[com.google.firebase:firebase-messaging:23.2.0] AndroidManifest.xml:25:22-74
17    <uses-permission android:name="com.google.android.c2dm.permission.RECEIVE" />
17-->[com.google.firebase:firebase-messaging:23.2.0] AndroidManifest.xml:28:5-82
17-->[com.google.firebase:firebase-messaging:23.2.0] AndroidManifest.xml:28:22-79
18    <uses-permission android:name="com.google.android.gms.permission.AD_ID" />
18-->[com.google.android.gms:play-services-measurement-api:21.3.0] AndroidManifest.xml:25:5-79
18-->[com.google.android.gms:play-services-measurement-api:21.3.0] AndroidManifest.xml:25:22-76
19    <uses-permission android:name="com.google.android.finsky.permission.BIND_GET_INSTALL_REFERRER_SERVICE" />
19-->[com.google.android.gms:play-services-measurement:21.3.0] AndroidManifest.xml:26:5-110
19-->[com.google.android.gms:play-services-measurement:21.3.0] AndroidManifest.xml:26:22-107
20
21    <application
21-->src\main\AndroidManifest.xml:5:5-24:19
22        android:name="com.statussaver.zs.MainApplication"
22-->src\main\AndroidManifest.xml:6:7-38
23        android:allowBackup="false"
23-->src\main\AndroidManifest.xml:10:7-34
24        android:appComponentFactory="androidx.core.app.CoreComponentFactory"
24-->[androidx.core:core:1.7.0] AndroidManifest.xml:24:18-86
25        android:debuggable="true"
26        android:icon="@mipmap/ic_launcher"
26-->src\main\AndroidManifest.xml:8:7-41
27        android:label="@string/app_name"
27-->src\main\AndroidManifest.xml:7:7-39
28        android:roundIcon="@mipmap/ic_launcher_round"
28-->src\main\AndroidManifest.xml:9:7-52
29        android:theme="@style/AppTheme"
29-->src\main\AndroidManifest.xml:11:7-38
30        android:usesCleartextTraffic="true" >
30-->src\debug\AndroidManifest.xml:8:9-44
31        <activity
31-->src\debug\AndroidManifest.xml:11:9-111
32            android:name="com.facebook.react.devsupport.DevSettingsActivity"
32-->src\debug\AndroidManifest.xml:11:19-83
33            android:exported="false" />
33-->src\debug\AndroidManifest.xml:11:84-108
34        <activity
34-->src\main\AndroidManifest.xml:12:7-23:18
35            android:name="com.statussaver.zs.MainActivity"
35-->src\main\AndroidManifest.xml:13:9-37
36            android:configChanges="keyboard|keyboardHidden|orientation|screenLayout|screenSize|smallestScreenSize|uiMode"
36-->src\main\AndroidManifest.xml:15:9-118
37            android:exported="true"
37-->src\main\AndroidManifest.xml:18:9-32
38            android:label="@string/app_name"
38-->src\main\AndroidManifest.xml:14:9-41
39            android:launchMode="singleTask"
39-->src\main\AndroidManifest.xml:16:9-40
40            android:windowSoftInputMode="adjustResize" >
40-->src\main\AndroidManifest.xml:17:9-51
41            <intent-filter>
41-->src\main\AndroidManifest.xml:19:9-22:25
42                <action android:name="android.intent.action.MAIN" />
42-->src\main\AndroidManifest.xml:20:13-65
42-->src\main\AndroidManifest.xml:20:21-62
43
44                <category android:name="android.intent.category.LAUNCHER" />
44-->src\main\AndroidManifest.xml:21:13-73
44-->src\main\AndroidManifest.xml:21:23-70
45            </intent-filter>
46        </activity>
47
48        <service
48-->[:react-native-firebase_messaging] AndroidManifest.xml:12:9-14:40
49            android:name="io.invertase.firebase.messaging.ReactNativeFirebaseMessagingHeadlessService"
49-->[:react-native-firebase_messaging] AndroidManifest.xml:13:13-103
50            android:exported="false" />
50-->[:react-native-firebase_messaging] AndroidManifest.xml:14:13-37
51        <service
51-->[:react-native-firebase_messaging] AndroidManifest.xml:15:9-21:19
52            android:name="io.invertase.firebase.messaging.ReactNativeFirebaseMessagingService"
52-->[:react-native-firebase_messaging] AndroidManifest.xml:16:13-95
53            android:exported="false" >
53-->[:react-native-firebase_messaging] AndroidManifest.xml:17:13-37
54            <intent-filter>
54-->[:react-native-firebase_messaging] AndroidManifest.xml:18:13-20:29
55                <action android:name="com.google.firebase.MESSAGING_EVENT" />
55-->[:react-native-firebase_messaging] AndroidManifest.xml:19:17-78
55-->[:react-native-firebase_messaging] AndroidManifest.xml:19:25-75
56            </intent-filter>
57        </service>
58
59        <receiver
59-->[:react-native-firebase_messaging] AndroidManifest.xml:23:9-30:20
60            android:name="io.invertase.firebase.messaging.ReactNativeFirebaseMessagingReceiver"
60-->[:react-native-firebase_messaging] AndroidManifest.xml:24:13-96
61            android:exported="true"
61-->[:react-native-firebase_messaging] AndroidManifest.xml:25:13-36
62            android:permission="com.google.android.c2dm.permission.SEND" >
62-->[:react-native-firebase_messaging] AndroidManifest.xml:26:13-73
63            <intent-filter>
63-->[:react-native-firebase_messaging] AndroidManifest.xml:27:13-29:29
64                <action android:name="com.google.android.c2dm.intent.RECEIVE" />
64-->[:react-native-firebase_messaging] AndroidManifest.xml:28:17-81
64-->[:react-native-firebase_messaging] AndroidManifest.xml:28:25-78
65            </intent-filter>
66        </receiver>
67
68        <meta-data
68-->[:react-native-firebase_messaging] AndroidManifest.xml:32:9-34:36
69            android:name="firebase_messaging_auto_init_enabled"
69-->[:react-native-firebase_messaging] AndroidManifest.xml:33:13-64
70            android:value="true" />
70-->[:react-native-firebase_messaging] AndroidManifest.xml:34:13-33
71        <meta-data
71-->[:react-native-firebase_messaging] AndroidManifest.xml:35:9-37:32
72            android:name="com.google.firebase.messaging.default_notification_channel_id"
72-->[:react-native-firebase_messaging] AndroidManifest.xml:36:13-89
73            android:value="" />
73-->[:react-native-firebase_messaging] AndroidManifest.xml:37:13-29
74        <meta-data
74-->[:react-native-firebase_messaging] AndroidManifest.xml:38:9-40:47
75            android:name="com.google.firebase.messaging.default_notification_color"
75-->[:react-native-firebase_messaging] AndroidManifest.xml:39:13-84
76            android:resource="@color/white" />
76-->[:react-native-firebase_messaging] AndroidManifest.xml:40:13-44
77        <meta-data
77-->[:react-native-firebase_app] AndroidManifest.xml:9:9-11:36
78            android:name="app_data_collection_default_enabled"
78-->[:react-native-firebase_app] AndroidManifest.xml:10:13-63
79            android:value="true" />
79-->[:react-native-firebase_app] AndroidManifest.xml:11:13-33
80
81        <service
81-->[:react-native-firebase_app] AndroidManifest.xml:13:9-21:19
82            android:name="com.google.firebase.components.ComponentDiscoveryService"
82-->[:react-native-firebase_app] AndroidManifest.xml:14:13-84
83            android:directBootAware="true"
83-->[:react-native-firebase_app] AndroidManifest.xml:15:13-43
84            android:exported="false" >
84-->[:react-native-firebase_app] AndroidManifest.xml:16:13-37
85            <meta-data
85-->[:react-native-firebase_app] AndroidManifest.xml:18:13-20:85
86                android:name="com.google.firebase.components:io.invertase.firebase.app.ReactNativeFirebaseAppRegistrar"
86-->[:react-native-firebase_app] AndroidManifest.xml:19:17-120
87                android:value="com.google.firebase.components.ComponentRegistrar" />
87-->[:react-native-firebase_app] AndroidManifest.xml:20:17-82
88            <meta-data
88-->[com.google.firebase:firebase-analytics-ktx:21.3.0] AndroidManifest.xml:11:13-13:85
89                android:name="com.google.firebase.components:com.google.firebase.analytics.ktx.FirebaseAnalyticsKtxRegistrar"
89-->[com.google.firebase:firebase-analytics-ktx:21.3.0] AndroidManifest.xml:12:17-126
90                android:value="com.google.firebase.components.ComponentRegistrar" />
90-->[com.google.firebase:firebase-analytics-ktx:21.3.0] AndroidManifest.xml:13:17-82
91            <meta-data
91-->[com.google.firebase:firebase-messaging:23.2.0] AndroidManifest.xml:55:13-57:85
92                android:name="com.google.firebase.components:com.google.firebase.messaging.FirebaseMessagingRegistrar"
92-->[com.google.firebase:firebase-messaging:23.2.0] AndroidManifest.xml:56:17-119
93                android:value="com.google.firebase.components.ComponentRegistrar" />
93-->[com.google.firebase:firebase-messaging:23.2.0] AndroidManifest.xml:57:17-82
94            <meta-data
94-->[com.google.firebase:firebase-datatransport:18.1.7] AndroidManifest.xml:27:13-29:85
95                android:name="com.google.firebase.components:com.google.firebase.datatransport.TransportRegistrar"
95-->[com.google.firebase:firebase-datatransport:18.1.7] AndroidManifest.xml:28:17-115
96                android:value="com.google.firebase.components.ComponentRegistrar" />
96-->[com.google.firebase:firebase-datatransport:18.1.7] AndroidManifest.xml:29:17-82
97            <meta-data
97-->[com.google.firebase:firebase-common-ktx:20.3.3] AndroidManifest.xml:14:13-16:85
98                android:name="com.google.firebase.components:com.google.firebase.ktx.FirebaseCommonKtxRegistrar"
98-->[com.google.firebase:firebase-common-ktx:20.3.3] AndroidManifest.xml:15:17-113
99                android:value="com.google.firebase.components.ComponentRegistrar" />
99-->[com.google.firebase:firebase-common-ktx:20.3.3] AndroidManifest.xml:16:17-82
100            <meta-data
100-->[com.google.android.gms:play-services-measurement-api:21.3.0] AndroidManifest.xml:31:13-33:85
101                android:name="com.google.firebase.components:com.google.firebase.analytics.connector.internal.AnalyticsConnectorRegistrar"
101-->[com.google.android.gms:play-services-measurement-api:21.3.0] AndroidManifest.xml:32:17-139
102                android:value="com.google.firebase.components.ComponentRegistrar" />
102-->[com.google.android.gms:play-services-measurement-api:21.3.0] AndroidManifest.xml:33:17-82
103            <meta-data
103-->[com.google.firebase:firebase-installations:17.1.3] AndroidManifest.xml:17:13-19:85
104                android:name="com.google.firebase.components:com.google.firebase.installations.FirebaseInstallationsRegistrar"
104-->[com.google.firebase:firebase-installations:17.1.3] AndroidManifest.xml:18:17-127
105                android:value="com.google.firebase.components.ComponentRegistrar" />
105-->[com.google.firebase:firebase-installations:17.1.3] AndroidManifest.xml:19:17-82
106        </service>
107
108        <provider
108-->[:react-native-firebase_app] AndroidManifest.xml:23:9-27:38
109            android:name="io.invertase.firebase.app.ReactNativeFirebaseAppInitProvider"
109-->[:react-native-firebase_app] AndroidManifest.xml:24:13-88
110            android:authorities="com.statussaver.zs.reactnativefirebaseappinitprovider"
110-->[:react-native-firebase_app] AndroidManifest.xml:25:13-86
111            android:exported="false"
111-->[:react-native-firebase_app] AndroidManifest.xml:26:13-37
112            android:initOrder="99" />
112-->[:react-native-firebase_app] AndroidManifest.xml:27:13-35
113
114        <receiver
114-->[com.google.firebase:firebase-messaging:23.2.0] AndroidManifest.xml:31:9-38:20
115            android:name="com.google.firebase.iid.FirebaseInstanceIdReceiver"
115-->[com.google.firebase:firebase-messaging:23.2.0] AndroidManifest.xml:32:13-78
116            android:exported="true"
116-->[com.google.firebase:firebase-messaging:23.2.0] AndroidManifest.xml:33:13-36
117            android:permission="com.google.android.c2dm.permission.SEND" >
117-->[com.google.firebase:firebase-messaging:23.2.0] AndroidManifest.xml:34:13-73
118            <intent-filter>
118-->[:react-native-firebase_messaging] AndroidManifest.xml:27:13-29:29
119                <action android:name="com.google.android.c2dm.intent.RECEIVE" />
119-->[:react-native-firebase_messaging] AndroidManifest.xml:28:17-81
119-->[:react-native-firebase_messaging] AndroidManifest.xml:28:25-78
120            </intent-filter>
121        </receiver>
122        <!--
123             FirebaseMessagingService performs security checks at runtime,
124             but set to not exported to explicitly avoid allowing another app to call it.
125        -->
126        <service
126-->[com.google.firebase:firebase-messaging:23.2.0] AndroidManifest.xml:44:9-51:19
127            android:name="com.google.firebase.messaging.FirebaseMessagingService"
127-->[com.google.firebase:firebase-messaging:23.2.0] AndroidManifest.xml:45:13-82
128            android:directBootAware="true"
128-->[com.google.firebase:firebase-messaging:23.2.0] AndroidManifest.xml:46:13-43
129            android:exported="false" >
129-->[com.google.firebase:firebase-messaging:23.2.0] AndroidManifest.xml:47:13-37
130            <intent-filter android:priority="-500" >
130-->[:react-native-firebase_messaging] AndroidManifest.xml:18:13-20:29
131                <action android:name="com.google.firebase.MESSAGING_EVENT" />
131-->[:react-native-firebase_messaging] AndroidManifest.xml:19:17-78
131-->[:react-native-firebase_messaging] AndroidManifest.xml:19:25-75
132            </intent-filter>
133        </service>
134        <service
134-->[com.google.android.datatransport:transport-backend-cct:3.1.8] AndroidManifest.xml:28:9-34:19
135            android:name="com.google.android.datatransport.runtime.backends.TransportBackendDiscovery"
135-->[com.google.android.datatransport:transport-backend-cct:3.1.8] AndroidManifest.xml:29:13-103
136            android:exported="false" >
136-->[com.google.android.datatransport:transport-backend-cct:3.1.8] AndroidManifest.xml:30:13-37
137            <meta-data
137-->[com.google.android.datatransport:transport-backend-cct:3.1.8] AndroidManifest.xml:31:13-33:39
138                android:name="backend:com.google.android.datatransport.cct.CctBackendFactory"
138-->[com.google.android.datatransport:transport-backend-cct:3.1.8] AndroidManifest.xml:32:17-94
139                android:value="cct" />
139-->[com.google.android.datatransport:transport-backend-cct:3.1.8] AndroidManifest.xml:33:17-36
140        </service>
141        <service
141-->[com.google.android.datatransport:transport-runtime:3.1.8] AndroidManifest.xml:26:9-30:19
142            android:name="com.google.android.datatransport.runtime.scheduling.jobscheduling.JobInfoSchedulerService"
142-->[com.google.android.datatransport:transport-runtime:3.1.8] AndroidManifest.xml:27:13-117
143            android:exported="false"
143-->[com.google.android.datatransport:transport-runtime:3.1.8] AndroidManifest.xml:28:13-37
144            android:permission="android.permission.BIND_JOB_SERVICE" >
144-->[com.google.android.datatransport:transport-runtime:3.1.8] AndroidManifest.xml:29:13-69
145        </service>
146
147        <receiver
147-->[com.google.android.datatransport:transport-runtime:3.1.8] AndroidManifest.xml:32:9-34:40
148            android:name="com.google.android.datatransport.runtime.scheduling.jobscheduling.AlarmManagerSchedulerBroadcastReceiver"
148-->[com.google.android.datatransport:transport-runtime:3.1.8] AndroidManifest.xml:33:13-132
149            android:exported="false" />
149-->[com.google.android.datatransport:transport-runtime:3.1.8] AndroidManifest.xml:34:13-37
150
151        <provider
151-->[com.google.firebase:firebase-common:20.3.3] AndroidManifest.xml:25:9-30:39
152            android:name="com.google.firebase.provider.FirebaseInitProvider"
152-->[com.google.firebase:firebase-common:20.3.3] AndroidManifest.xml:26:13-77
153            android:authorities="com.statussaver.zs.firebaseinitprovider"
153-->[com.google.firebase:firebase-common:20.3.3] AndroidManifest.xml:27:13-72
154            android:directBootAware="true"
154-->[com.google.firebase:firebase-common:20.3.3] AndroidManifest.xml:28:13-43
155            android:exported="false"
155-->[com.google.firebase:firebase-common:20.3.3] AndroidManifest.xml:29:13-37
156            android:initOrder="100" />
156-->[com.google.firebase:firebase-common:20.3.3] AndroidManifest.xml:30:13-36
157
158        <activity
158-->[com.google.android.gms:play-services-auth:20.5.0] AndroidManifest.xml:23:9-27:75
159            android:name="com.google.android.gms.auth.api.signin.internal.SignInHubActivity"
159-->[com.google.android.gms:play-services-auth:20.5.0] AndroidManifest.xml:24:13-93
160            android:excludeFromRecents="true"
160-->[com.google.android.gms:play-services-auth:20.5.0] AndroidManifest.xml:25:13-46
161            android:exported="false"
161-->[com.google.android.gms:play-services-auth:20.5.0] AndroidManifest.xml:26:13-37
162            android:theme="@android:style/Theme.Translucent.NoTitleBar" />
162-->[com.google.android.gms:play-services-auth:20.5.0] AndroidManifest.xml:27:13-72
163        <!--
164            Service handling Google Sign-In user revocation. For apps that do not integrate with
165            Google Sign-In, this service will never be started.
166        -->
167        <service
167-->[com.google.android.gms:play-services-auth:20.5.0] AndroidManifest.xml:33:9-37:51
168            android:name="com.google.android.gms.auth.api.signin.RevocationBoundService"
168-->[com.google.android.gms:play-services-auth:20.5.0] AndroidManifest.xml:34:13-89
169            android:exported="true"
169-->[com.google.android.gms:play-services-auth:20.5.0] AndroidManifest.xml:35:13-36
170            android:permission="com.google.android.gms.auth.api.signin.permission.REVOCATION_NOTIFICATION"
170-->[com.google.android.gms:play-services-auth:20.5.0] AndroidManifest.xml:36:13-107
171            android:visibleToInstantApps="true" />
171-->[com.google.android.gms:play-services-auth:20.5.0] AndroidManifest.xml:37:13-48
172
173        <activity
173-->[com.google.android.gms:play-services-base:18.0.1] AndroidManifest.xml:20:9-22:45
174            android:name="com.google.android.gms.common.api.GoogleApiActivity"
174-->[com.google.android.gms:play-services-base:18.0.1] AndroidManifest.xml:20:19-85
175            android:exported="false"
175-->[com.google.android.gms:play-services-base:18.0.1] AndroidManifest.xml:22:19-43
176            android:theme="@android:style/Theme.Translucent.NoTitleBar" />
176-->[com.google.android.gms:play-services-base:18.0.1] AndroidManifest.xml:21:19-78
177
178        <receiver
178-->[com.google.android.gms:play-services-measurement:21.3.0] AndroidManifest.xml:29:9-33:20
179            android:name="com.google.android.gms.measurement.AppMeasurementReceiver"
179-->[com.google.android.gms:play-services-measurement:21.3.0] AndroidManifest.xml:30:13-85
180            android:enabled="true"
180-->[com.google.android.gms:play-services-measurement:21.3.0] AndroidManifest.xml:31:13-35
181            android:exported="false" >
181-->[com.google.android.gms:play-services-measurement:21.3.0] AndroidManifest.xml:32:13-37
182        </receiver>
183
184        <service
184-->[com.google.android.gms:play-services-measurement:21.3.0] AndroidManifest.xml:35:9-38:40
185            android:name="com.google.android.gms.measurement.AppMeasurementService"
185-->[com.google.android.gms:play-services-measurement:21.3.0] AndroidManifest.xml:36:13-84
186            android:enabled="true"
186-->[com.google.android.gms:play-services-measurement:21.3.0] AndroidManifest.xml:37:13-35
187            android:exported="false" />
187-->[com.google.android.gms:play-services-measurement:21.3.0] AndroidManifest.xml:38:13-37
188        <service
188-->[com.google.android.gms:play-services-measurement:21.3.0] AndroidManifest.xml:39:9-43:72
189            android:name="com.google.android.gms.measurement.AppMeasurementJobService"
189-->[com.google.android.gms:play-services-measurement:21.3.0] AndroidManifest.xml:40:13-87
190            android:enabled="true"
190-->[com.google.android.gms:play-services-measurement:21.3.0] AndroidManifest.xml:41:13-35
191            android:exported="false"
191-->[com.google.android.gms:play-services-measurement:21.3.0] AndroidManifest.xml:42:13-37
192            android:permission="android.permission.BIND_JOB_SERVICE" />
192-->[com.google.android.gms:play-services-measurement:21.3.0] AndroidManifest.xml:43:13-69
193
194        <meta-data
194-->[com.google.android.gms:play-services-basement:18.2.0] AndroidManifest.xml:21:9-23:69
195            android:name="com.google.android.gms.version"
195-->[com.google.android.gms:play-services-basement:18.2.0] AndroidManifest.xml:22:13-58
196            android:value="@integer/google_play_services_version" />
196-->[com.google.android.gms:play-services-basement:18.2.0] AndroidManifest.xml:23:13-66
197
198        <provider
198-->[androidx.emoji2:emoji2:1.0.0] AndroidManifest.xml:26:9-34:20
199            android:name="androidx.startup.InitializationProvider"
199-->[androidx.emoji2:emoji2:1.0.0] AndroidManifest.xml:27:13-67
200            android:authorities="com.statussaver.zs.androidx-startup"
200-->[androidx.emoji2:emoji2:1.0.0] AndroidManifest.xml:28:13-68
201            android:exported="false" >
201-->[androidx.emoji2:emoji2:1.0.0] AndroidManifest.xml:29:13-37
202            <meta-data
202-->[androidx.emoji2:emoji2:1.0.0] AndroidManifest.xml:31:13-33:52
203                android:name="androidx.emoji2.text.EmojiCompatInitializer"
203-->[androidx.emoji2:emoji2:1.0.0] AndroidManifest.xml:32:17-75
204                android:value="androidx.startup" />
204-->[androidx.emoji2:emoji2:1.0.0] AndroidManifest.xml:33:17-49
205            <meta-data
205-->[androidx.lifecycle:lifecycle-process:2.4.0] AndroidManifest.xml:31:13-33:52
206                android:name="androidx.lifecycle.ProcessLifecycleInitializer"
206-->[androidx.lifecycle:lifecycle-process:2.4.0] AndroidManifest.xml:32:17-78
207                android:value="androidx.startup" />
207-->[androidx.lifecycle:lifecycle-process:2.4.0] AndroidManifest.xml:33:17-49
208        </provider>
209
210        <meta-data
210-->[com.facebook.soloader:soloader:0.10.5] AndroidManifest.xml:12:9-14:37
211            android:name="com.facebook.soloader.enabled"
211-->[com.facebook.soloader:soloader:0.10.5] AndroidManifest.xml:13:13-57
212            android:value="false" />
212-->[com.facebook.soloader:soloader:0.10.5] AndroidManifest.xml:14:13-34
213    </application>
214
215</manifest>